Running php-build composer
WARNING! Your password will be stored unencrypted in /home/runner/.docker/config.json.
Configure a credential helper to remove this warning. See
https://docs.docker.com/engine/reference/commandline/login/#credentials-store

Login Succeeded
Pulling docker.pkg.github.com/impress-org/give-stripe/php-actions_composer_give-stripe:php-7.4-build2
php-7.4-build2: Pulling from impress-org/give-stripe/php-actions_composer_give-stripe
df9b9388f04a: Already exists
a60f85627e3d: Pulling fs layer
89395091f295: Pulling fs layer
2342a00f1dee: Pulling fs layer
51813b9b06e8: Pulling fs layer
e52fc2d438cf: Pulling fs layer
76f2dee2930c: Pulling fs layer
87f4c03739d5: Pulling fs layer
c79f0690fda1: Pulling fs layer
ff66242b9c78: Pulling fs layer
76f2dee2930c: Waiting
87f4c03739d5: Waiting
c79f0690fda1: Waiting
ff66242b9c78: Waiting
51813b9b06e8: Waiting
e52fc2d438cf: Waiting
2342a00f1dee: Verifying Checksum
2342a00f1dee: Download complete
89395091f295: Verifying Checksum
89395091f295: Download complete
a60f85627e3d: Verifying Checksum
a60f85627e3d: Download complete
a60f85627e3d: Pull complete
89395091f295: Pull complete
e52fc2d438cf: Verifying Checksum
e52fc2d438cf: Download complete
2342a00f1dee: Pull complete
51813b9b06e8: Verifying Checksum
51813b9b06e8: Download complete
51813b9b06e8: Pull complete
76f2dee2930c: Verifying Checksum
76f2dee2930c: Download complete
e52fc2d438cf: Pull complete
87f4c03739d5: Verifying Checksum
87f4c03739d5: Download complete
c79f0690fda1: Verifying Checksum
c79f0690fda1: Download complete
76f2dee2930c: Pull complete
87f4c03739d5: Pull complete
c79f0690fda1: Pull complete
ff66242b9c78: Verifying Checksum
ff66242b9c78: Download complete
ff66242b9c78: Pull complete
Digest: sha256:1523ea44abe0adb4dbc9131c42e6eaba4e58d713b4a6a02845e90b26f4c0bea1
Status: Downloaded newer image for docker.pkg.github.com/impress-org/give-stripe/php-actions_composer_give-stripe:php-7.4-build2
docker.pkg.github.com/impress-org/give-stripe/php-actions_composer_give-stripe:php-7.4-build2
Docker tag: docker.pkg.github.com/impress-org/give-stripe/php-actions_composer_give-stripe:php-7.4-build2
No private keys supplied
Command: composer install --no-dev --no-progress --no-interaction
Skipping env variable PWD
Skipping env variable HOME
Skipping env variable SHLVL
Skipping env variable PATH
